<?xml version="1.0" encoding="UTF-8"?>
<!-- Generated by org.testng.reporters.JUnitReportReporter -->
<testsuite hostname="Ramsai" failures="0" tests="3" name="DynamicJson" time="5.566" errors="0" timestamp="2022-07-31T16:13:05 IST" skipped="0">
  <testcase classname="DynamicJson" name="addBook" time="0.396"/>
  <system-out/>
  <testcase classname="DynamicJson" name="addBook" time="0.209"/>
  <system-out/>
  <testcase classname="DynamicJson" name="addBook" time="4.961"/>
  <system-out/>
</testsuite> <!-- DynamicJson -->
